<?xml version="1.0" encoding="UTF-8"?>
<!-- Generated by org.testng.reporters.JUnitXMLReporter -->
<testsuite ignored="0" hostname="LAPTOP-O596PGHR" failures="0" tests="3" name="regressionTest" time="40.603" errors="0" timestamp="2025-07-27T11:23:50 IST">
  <testcase classname="test.FinaloutTest" name="finaloutTest" time="15.584"/>
  <testcase classname="test.FinaloutTest" name="finaloutTest" time="15.383"/>
  <testcase classname="test.FinaloutTest" name="OrderHistoryTest" time="0.744"/>
</testsuite> <!-- regressionTest -->
