<?xml version="1.0" encoding="UTF-8"?>
<!-- Generated by org.testng.reporters.JUnitXMLReporter -->
<testsuite ignored="0" hostname="LAPTOP-O596PGHR" failures="0" tests="3" name="smokeTest" time="45.386" errors="0" timestamp="2025-07-27T18:00:21 IST">
  <testcase classname="test.FinaloutTest" name="finaloutTest" time="15.873"/>
  <testcase classname="test.FinaloutTest" name="finaloutTest" time="16.553"/>
  <testcase classname="test.FinaloutTest" name="OrderHistoryTest" time="1.013"/>
</testsuite> <!-- smokeTest -->
