<?xml version="1.0" encoding="UTF-8"?>
<!-- Generated by org.testng.reporters.JUnitXMLReporter -->
<testsuite ignored="0" hostname="LAPTOP-O596PGHR" failures="1" tests="2" name="Test" time="14.235" errors="0" timestamp="2025-07-27T10:30:24 IST">
  <testcase classname="test.ErrorValidation" name="loginErroValidation" time="0.843">
    <failure type="java.lang.AssertionError" message="expected [Incorrect email  password.] but found [Incorrect email or password.]">
      <![CDATA[java.lang.AssertionError: expected [Incorrect email  password.] but found [Incorrect email or password.]
at test.ErrorValidation.loginErroValidation(ErrorValidation.java:24)
at java.base/java.util.ArrayList.forEach(ArrayList.java:1596)
... Removed 31 stack frames]]>
    </failure>
  </testcase> <!-- loginErroValidation -->
  <testcase classname="test.ErrorValidation" name="productErrorValidation" time="7.041"/>
</testsuite> <!-- Test -->
