<?xml version="1.0" encoding="UTF-8"?>
<!-- Generated by org.testng.reporters.JUnitXMLReporter -->
<testsuite ignored="0" hostname="LAPTOP-O596PGHR" failures="0" tests="3" name="regressionTest" time="82.169" errors="0" timestamp="2025-07-27T15:14:15 IST">
  <testcase classname="test.FinaloutTest" name="finaloutTest" time="16.418"/>
  <testcase classname="test.FinaloutTest" name="finaloutTest" time="16.56"/>
  <testcase classname="test.FinaloutTest" name="OrderHistoryTest" time="1.187"/>
</testsuite> <!-- regressionTest -->
