<?xml version="1.0" encoding="UTF-8"?>
<testsuite xmlns:xsi="http://www.w3.org/2001/XMLSchema-instance" xsi:noNamespaceSchemaLocation="https://maven.apache.org/surefire/maven-surefire-plugin/xsd/surefire-test-report.xsd" version="3.0.2" name="TestSuite" time="121.346" tests="5" errors="0" skipped="0" failures="0">
  <properties>
[...]
</properties>
  <testcase name="finaloutTest[{password=Santoman@11, product=ZARA COAT 3, email=santoman@gmail.com}](1)" classname="test.FinaloutTest" time="16.434">
    <system-out><![CDATA[>>> onTestStart() called for finaloutTest
]]></system-out>
    <system-err><![CDATA[[main] INFO io.github.bonigarcia.wdm.WebDriverManager - Reading https://raw.githubusercontent.com/bonigarcia/webdrivermanager/master/docs/mirror/geckodriver to seek geckodriver
[main] INFO io.github.bonigarcia.wdm.WebDriverManager - Exporting webdriver.gecko.driver as C:\Users\testi\.cache\selenium\geckodriver\win64\0.36.0\geckodriver.exe
[main] INFO io.github.bonigarcia.wdm.WebDriverManager - Using chromedriver 138.0.7204.168 (resolved driver for Chrome 138)
[main] INFO io.github.bonigarcia.wdm.WebDriverManager - Exporting webdriver.chrome.driver as C:\Users\testi\.cache\selenium\chromedriver\win64\138.0.7204.168\chromedriver.exe
]]></system-err>
  </testcase>
  <testcase name="finaloutTest[{password=Santoman@11, product=ADIDAS ORIGINAL, email=dharsh1109@gmail.com}](2)" classname="test.FinaloutTest" time="16.557">
    <system-out><![CDATA[>>> onTestStart() called for finaloutTest
]]></system-out>
    <system-err><![CDATA[[main] INFO io.github.bonigarcia.wdm.WebDriverManager - Reading https://raw.githubusercontent.com/bonigarcia/webdrivermanager/master/docs/mirror/geckodriver to seek geckodriver
[main] INFO io.github.bonigarcia.wdm.WebDriverManager - Exporting webdriver.gecko.driver as C:\Users\testi\.cache\selenium\geckodriver\win64\0.36.0\geckodriver.exe
[main] INFO io.github.bonigarcia.wdm.WebDriverManager - Using chromedriver 138.0.7204.168 (resolved driver for Chrome 138)
[main] INFO io.github.bonigarcia.wdm.WebDriverManager - Exporting webdriver.chrome.driver as C:\Users\testi\.cache\selenium\chromedriver\win64\138.0.7204.168\chromedriver.exe
]]></system-err>
  </testcase>
  <testcase name="OrderHistoryTest" classname="test.FinaloutTest" time="1.191">
    <system-out><![CDATA[>>> onTestStart() called for OrderHistoryTest
]]></system-out>
    <system-err><![CDATA[[main] INFO io.github.bonigarcia.wdm.WebDriverManager - Reading https://raw.githubusercontent.com/bonigarcia/webdrivermanager/master/docs/mirror/geckodriver to seek geckodriver
[main] INFO io.github.bonigarcia.wdm.WebDriverManager - Exporting webdriver.gecko.driver as C:\Users\testi\.cache\selenium\geckodriver\win64\0.36.0\geckodriver.exe
[main] INFO io.github.bonigarcia.wdm.WebDriverManager - Using chromedriver 138.0.7204.168 (resolved driver for Chrome 138)
[main] INFO io.github.bonigarcia.wdm.WebDriverManager - Exporting webdriver.chrome.driver as C:\Users\testi\.cache\selenium\chromedriver\win64\138.0.7204.168\chromedriver.exe
]]></system-err>
  </testcase>
  <testcase name="loginErroValidation" classname="test.ErrorValidation" time="1.147">
    <system-out><![CDATA[>>> onTestStart() called for loginErroValidation
]]></system-out>
    <system-err><![CDATA[[main] INFO io.github.bonigarcia.wdm.WebDriverManager - Reading https://raw.githubusercontent.com/bonigarcia/webdrivermanager/master/docs/mirror/geckodriver to seek geckodriver
[main] INFO io.github.bonigarcia.wdm.WebDriverManager - Exporting webdriver.gecko.driver as C:\Users\testi\.cache\selenium\geckodriver\win64\0.36.0\geckodriver.exe
[main] INFO io.github.bonigarcia.wdm.WebDriverManager - Using chromedriver 138.0.7204.168 (resolved driver for Chrome 138)
[main] INFO io.github.bonigarcia.wdm.WebDriverManager - Exporting webdriver.chrome.driver as C:\Users\testi\.cache\selenium\chromedriver\win64\138.0.7204.168\chromedriver.exe
]]></system-err>
  </testcase>
  <testcase name="productErrorValidation" classname="test.ErrorValidation" time="7.201">
    <system-out><![CDATA[>>> onTestStart() called for productErrorValidation
]]></system-out>
    <system-err><![CDATA[[main] INFO io.github.bonigarcia.wdm.WebDriverManager - Reading https://raw.githubusercontent.com/bonigarcia/webdrivermanager/master/docs/mirror/geckodriver to seek geckodriver
[main] INFO io.github.bonigarcia.wdm.WebDriverManager - Exporting webdriver.gecko.driver as C:\Users\testi\.cache\selenium\geckodriver\win64\0.36.0\geckodriver.exe
[main] INFO io.github.bonigarcia.wdm.WebDriverManager - Using chromedriver 138.0.7204.168 (resolved driver for Chrome 138)
[main] INFO io.github.bonigarcia.wdm.WebDriverManager - Exporting webdriver.chrome.driver as C:\Users\testi\.cache\selenium\chromedriver\win64\138.0.7204.168\chromedriver.exe
]]></system-err>
  </testcase>
</testsuite>