<?xml version="1.0" encoding="UTF-8"?>
<testng-results ignored="0" total="2" passed="2" failed="0" skipped="0">
  <reporter-output>
  </reporter-output>
  <suite started-at="2025-07-27T13:31:34 IST" name="Default suite" finished-at="2025-07-27T13:31:54 IST" duration-ms="20323">
    <groups>
    </groups>
    <test started-at="2025-07-27T13:31:34 IST" name="Default test" finished-at="2025-07-27T13:31:54 IST" duration-ms="20323">
      <class name="test.ErrorValidation">
        <test-method is-config="true" signature="launchingApplication()[pri:0, instance:test.ErrorValidation@40005471]" started-at="2025-07-27T13:31:34 IST" name="launchingApplication" finished-at="2025-07-27T13:31:42 IST" duration-ms="8252" status="PASS">
          <reporter-output>
          </reporter-output>
        </test-method> <!-- launchingApplication -->
        <test-method signature="loginErroValidation()[pri:0, instance:test.ErrorValidation@40005471]" started-at="2025-07-27T13:31:42 IST" name="loginErroValidation" finished-at="2025-07-27T13:31:43 IST" duration-ms="815" status="PASS">
          <reporter-output>
          </reporter-output>
        </test-method> <!-- loginErroValidation -->
        <test-method is-config="true" signature="close()[pri:0, instance:test.ErrorValidation@40005471]" started-at="2025-07-27T13:31:43 IST" name="close" finished-at="2025-07-27T13:31:43 IST" duration-ms="304" status="PASS">
          <reporter-output>
          </reporter-output>
        </test-method> <!-- close -->
        <test-method is-config="true" signature="launchingApplication()[pri:0, instance:test.ErrorValidation@40005471]" started-at="2025-07-27T13:31:43 IST" name="launchingApplication" finished-at="2025-07-27T13:31:47 IST" duration-ms="3566" status="PASS">
          <reporter-output>
          </reporter-output>
        </test-method> <!-- launchingApplication -->
        <test-method signature="productErrorValidation()[pri:0, instance:test.ErrorValidation@40005471]" started-at="2025-07-27T13:31:47 IST" name="productErrorValidation" finished-at="2025-07-27T13:31:54 IST" duration-ms="6956" status="PASS">
          <reporter-output>
          </reporter-output>
        </test-method> <!-- productErrorValidation -->
        <test-method is-config="true" signature="close()[pri:0, instance:test.ErrorValidation@40005471]" started-at="2025-07-27T13:31:54 IST" name="close" finished-at="2025-07-27T13:31:54 IST" duration-ms="287" status="PASS">
          <reporter-output>
          </reporter-output>
        </test-method> <!-- close -->
      </class> <!-- test.ErrorValidation -->
    </test> <!-- Default test -->
  </suite> <!-- Default suite -->
</testng-results>
