<?xml version="1.0" encoding="UTF-8"?>
<testng-results ignored="0" total="3" passed="3" failed="0" skipped="0">
  <reporter-output>
  </reporter-output>
  <suite started-at="2025-07-27T17:59:35 IST" name="Suite" finished-at="2025-07-27T18:00:21 IST" duration-ms="45386">
    <groups>
    </groups>
    <test started-at="2025-07-27T17:59:35 IST" name="smokeTest" finished-at="2025-07-27T18:00:21 IST" duration-ms="45386">
      <class name="test.FinaloutTest">
        <test-method is-config="true" signature="launchingApplication()[pri:0, instance:test.FinaloutTest@536dbea0]" started-at="2025-07-27T17:59:35 IST" name="launchingApplication" finished-at="2025-07-27T17:59:40 IST" duration-ms="4263" status="PASS">
          <reporter-output>
          </reporter-output>
        </test-method> <!-- launchingApplication -->
        <test-method signature="finaloutTest(java.util.HashMap)[pri:0, instance:test.FinaloutTest@536dbea0]" started-at="2025-07-27T17:59:40 IST" name="finaloutTest" data-provider="getData" finished-at="2025-07-27T17:59:55 IST" duration-ms="15873" status="PASS">
          <params>
            <param index="0">
              <value>
                <![CDATA[{password=Santoman@11, product=ZARA COAT 3, email=santoman@gmail.com}]]>
              </value>
            </param>
          </params>
          <reporter-output>
          </reporter-output>
        </test-method> <!-- finaloutTest -->
        <test-method is-config="true" signature="close()[pri:0, instance:test.FinaloutTest@536dbea0]" started-at="2025-07-27T17:59:55 IST" name="close" finished-at="2025-07-27T17:59:56 IST" duration-ms="428" status="PASS">
          <reporter-output>
          </reporter-output>
        </test-method> <!-- close -->
        <test-method is-config="true" signature="launchingApplication()[pri:0, instance:test.FinaloutTest@536dbea0]" started-at="2025-07-27T17:59:56 IST" name="launchingApplication" finished-at="2025-07-27T17:59:59 IST" duration-ms="3311" status="PASS">
          <reporter-output>
          </reporter-output>
        </test-method> <!-- launchingApplication -->
        <test-method signature="finaloutTest(java.util.HashMap)[pri:0, instance:test.FinaloutTest@536dbea0]" started-at="2025-07-27T17:59:59 IST" name="finaloutTest" data-provider="getData" finished-at="2025-07-27T18:00:16 IST" duration-ms="16553" status="PASS">
          <params>
            <param index="0">
              <value>
                <![CDATA[{password=Santoman@11, product=ADIDAS ORIGINAL, email=dharsh1109@gmail.com}]]>
              </value>
            </param>
          </params>
          <reporter-output>
          </reporter-output>
        </test-method> <!-- finaloutTest -->
        <test-method is-config="true" signature="close()[pri:0, instance:test.FinaloutTest@536dbea0]" started-at="2025-07-27T18:00:16 IST" name="close" finished-at="2025-07-27T18:00:16 IST" duration-ms="432" status="PASS">
          <reporter-output>
          </reporter-output>
        </test-method> <!-- close -->
        <test-method is-config="true" signature="launchingApplication()[pri:0, instance:test.FinaloutTest@536dbea0]" started-at="2025-07-27T18:00:16 IST" name="launchingApplication" finished-at="2025-07-27T18:00:19 IST" duration-ms="3071" status="PASS">
          <reporter-output>
          </reporter-output>
        </test-method> <!-- launchingApplication -->
        <test-method signature="OrderHistoryTest()[pri:0, instance:test.FinaloutTest@536dbea0]" started-at="2025-07-27T18:00:19 IST" name="OrderHistoryTest" finished-at="2025-07-27T18:00:20 IST" depends-on-methods="test.FinaloutTest.finaloutTest" duration-ms="1013" status="PASS">
          <reporter-output>
          </reporter-output>
        </test-method> <!-- OrderHistoryTest -->
        <test-method is-config="true" signature="close()[pri:0, instance:test.FinaloutTest@536dbea0]" started-at="2025-07-27T18:00:20 IST" name="close" finished-at="2025-07-27T18:00:21 IST" duration-ms="230" status="PASS">
          <reporter-output>
          </reporter-output>
        </test-method> <!-- close -->
      </class> <!-- test.FinaloutTest -->
    </test> <!-- smokeTest -->
  </suite> <!-- Suite -->
</testng-results>
